ParkingSystem/baseapplication/build/intermediates/manifest_merge_blame_file/debug/manifest-merger-blame-debug-report.txt
1<?xml version="1.0" encoding="utf-8"?>
2<manifest xmlns:android="http://schemas.android.com/apk/res/android"
3    package="com.xiyou3g.baseapplication" >
4
5    <uses-sdk
6        android:minSdkVersion="21"
6-->src\main\AndroidManifest.xml
7        android:targetSdkVersion="31" />
7-->src\main\AndroidManifest.xml
8
9    <application
<<<<<<< HEAD
9-->src\main\AndroidManifest.xml:5:5-17:19
=======
9-->src\main\AndroidManifest.xml:5:5-17:19
>>>>>>> 9b7de8354a28426dc1dff9de9a37643b8943d7c5
10        android:allowBackup="true"
10-->src\main\AndroidManifest.xml:6:9-35
11        android:icon="@mipmap/ic_launcher"
11-->src\main\AndroidManifest.xml:7:9-43
12        android:label="@string/app_name"
12-->src\main\AndroidManifest.xml:8:9-41
13        android:roundIcon="@mipmap/ic_launcher_round"
13-->src\main\AndroidManifest.xml:9:9-54
14        android:supportsRtl="true"
14-->src\main\AndroidManifest.xml:10:9-35
15        android:theme="@style/Theme.ParkingSystem" >
15-->src\main\AndroidManifest.xml:11:9-51
16        <activity
<<<<<<< HEAD
16-->src\main\AndroidManifest.xml:12:9-16:20
=======
16-->src\main\AndroidManifest.xml:12:9-16:20
>>>>>>> 9b7de8354a28426dc1dff9de9a37643b8943d7c5
17            android:name="com.xiyou3g.baseapplication.BaseActivity"
17-->src\main\AndroidManifest.xml:13:13-41
18            android:exported="true" >
<<<<<<< HEAD
18-->src\main\AndroidManifest.xml:14:13-36
=======
18-->src\main\AndroidManifest.xml:14:13-36
>>>>>>> 9b7de8354a28426dc1dff9de9a37643b8943d7c5
19        </activity>
20    </application>
21
22</manifest>